{
  "RSpec": {
    "coverage": {
      "/home/joyvis/projects/testes_empregos/account_manager_service/app/channels/application_cable/channel.rb": [
        null,
        null,
        1,
        1,
        null,
        null
      ],
      "/home/joyvis/projects/testes_empregos/account_manager_service/app/channels/application_cable/connection.rb": [
        null,
        null,
        1,
        1,
        null,
        null
      ],
      "/home/joyvis/projects/testes_empregos/account_manager_service/app/commands/authenticate_user.rb": [
        null,
        null,
        1,
        1,
        null,
        1,
        22,
        22,
        null,
        null,
        1,
        22,
        null,
        null,
        1,
        null,
        1,
        null,
        1,
        43,
        43,
        null,
        1,
        null,
        null,
        null
      ],
      "/home/joyvis/projects/testes_empregos/account_manager_service/app/commands/authorize_api_request.rb": [
        null,
        null,
        1,
        1,
        null,
        1,
        5,
        null,
        null,
        1,
        5,
        null,
        null,
        1,
        null,
        1,
        null,
        1,
        5,
        5,
        null,
        null,
        1,
        9,
        null,
        null,
        1,
        5,
        1,
        1,
        null,
        4,
        null,
        null
      ],
      "/home/joyvis/projects/testes_empregos/account_manager_service/app/controllers/accounts_controller.rb": [
        null,
        null,
        1,
        1,
        2,
        2,
        2,
        null,
        null
      ],
      "/home/joyvis/projects/testes_empregos/account_manager_service/app/controllers/application_controller.rb": [
        null,
        null,
        1,
        1,
        1,
        null,
        1,
        3,
        null,
        null,
        1,
        1,
        null,
        null,
        null,
        1,
        null,
        1,
        3,
        2,
        null,
        1,
        null,
        null,
        1,
        3,
        3,
        null,
        null,
        1,
        5,
        5,
        null,
        null
      ],
      "/home/joyvis/projects/testes_empregos/account_manager_service/app/controllers/transfers_controller.rb": [
        null,
        null,
        1,
        1,
        2,
        2,
        1,
        null,
        1,
        null,
        null,
        null,
        1,
        null,
        1,
        2,
        null,
        null,
        null
      ],
      "/home/joyvis/projects/testes_empregos/account_manager_service/app/controllers/users_controller.rb": [
        null,
        null,
        1,
        1,
        null,
        1,
        2,
        null,
        2,
        1,
        null,
        1,
        null,
        null,
        null
      ],
      "/home/joyvis/projects/testes_empregos/account_manager_service/app/jobs/application_job.rb": [
        null,
        null,
        1,
        null
      ],
      "/home/joyvis/projects/testes_empregos/account_manager_service/app/mailers/application_mailer.rb": [
        null,
        null,
        1,
        1,
        1,
        null
      ],
      "/home/joyvis/projects/testes_empregos/account_manager_service/app/models/account.rb": [
        null,
        null,
        1,
        1,
        null,
        1,
        null,
        1,
        null,
        1,
        6,
        6,
        6,
        null,
        null
      ],
      "/home/joyvis/projects/testes_empregos/account_manager_service/app/models/application_record.rb": [
        null,
        null,
        1,
        1,
        null,
        1,
        13,
        null,
        null
      ],
      "/home/joyvis/projects/testes_empregos/account_manager_service/app/models/transfer.rb": [
        null,
        null,
        1,
        1,
        null,
        1,
        null,
        null,
        1,
        1,
        1,
        13,
        1,
        1,
        null,
        null,
        1,
        4,
        4,
        null,
        null
      ],
      "/home/joyvis/projects/testes_empregos/account_manager_service/app/models/user.rb": [
        null,
        null,
        1,
        1,
        null,
        1,
        null
      ],
      "/home/joyvis/projects/testes_empregos/account_manager_service/app/serializers/account_serializer.rb": [
        null,
        null,
        1,
        1,
        1,
        null
      ],
      "/home/joyvis/projects/testes_empregos/account_manager_service/app/serializers/transfer_serializer.rb": [
        null,
        null,
        1,
        1,
        1,
        null
      ]
    },
    "timestamp": 1557150607
  }
}
